<?xml version="1.0" encoding="UTF-8"?>
<!-- Generated by org.testng.reporters.JUnitReportReporter -->
<testsuite hostname="YCSLAP0921" failures="0" tests="2" name="org.pom_TestCases.Group_practice" time="0.014" errors="0" timestamp="2024-06-13T11:10:37 IST" skipped="0">
  <testcase classname="org.pom_TestCases.Group_practice" name="program1" time="0.012"/>
  <system-out/>
  <testcase classname="org.pom_TestCases.Group_practice" name="program2" time="0.002"/>
  <system-out/>
</testsuite> <!-- org.pom_TestCases.Group_practice -->
