<?xml version="1.0" encoding="UTF-8"?>
<!-- Generated by org.testng.reporters.JUnitReportReporter -->
<testsuite hostname="DESKTOP-1H5GCMD" failures="0" tests="2" name="org.pom_TestCases.LoginPageTestCases" time="58.673" errors="0" timestamp="2024-07-10T21:11:35 IST" skipped="0">
  <testcase classname="org.pom_TestCases.LoginPageTestCases" name="verify_Loginpage_placeholders" time="36.419"/>
  <system-out/>
  <testcase classname="org.pom_TestCases.LoginPageTestCases" name="verifyLoginPage" time="22.254"/>
  <system-out/>
</testsuite> <!-- org.pom_TestCases.LoginPageTestCases -->
